<?xml version="1.0" encoding="UTF-8"?>
<testng-results ignored="0" total="1" passed="1" failed="0" skipped="0">
  <reporter-output>
  </reporter-output>
  <suite started-at="2024-12-09T11:14:33 EET" name="Default Suite" finished-at="2024-12-09T11:14:47 EET" duration-ms="13841">
    <groups>
    </groups>
    <test started-at="2024-12-09T11:14:33 EET" name="Headway2024" finished-at="2024-12-09T11:14:47 EET" duration-ms="13841">
      <class name="FirstScript.testNGDemo">
        <test-method is-config="true" signature="setUpTheBrowserToOpen()[pri:0, instance:FirstScript.testNGDemo@661972b0]" started-at="2024-12-09T11:14:33 EET" name="setUpTheBrowserToOpen" finished-at="2024-12-09T11:14:39 EET" duration-ms="5907" status="PASS">
          <reporter-output>
          </reporter-output>
        </test-method> <!-- setUpTheBrowserToOpen -->
        <test-method signature="firstTestCase()[pri:0, instance:FirstScript.testNGDemo@661972b0]" started-at="2024-12-09T11:14:39 EET" name="firstTestCase" finished-at="2024-12-09T11:14:47 EET" duration-ms="7553" status="PASS">
          <reporter-output>
          </reporter-output>
        </test-method> <!-- firstTestCase -->
        <test-method is-config="true" signature="closeTheBrowser()[pri:0, instance:FirstScript.testNGDemo@661972b0]" started-at="2024-12-09T11:14:47 EET" name="closeTheBrowser" finished-at="2024-12-09T11:14:47 EET" duration-ms="348" status="PASS">
          <reporter-output>
          </reporter-output>
        </test-method> <!-- closeTheBrowser -->
      </class> <!-- FirstScript.testNGDemo -->
    </test> <!-- Headway2024 -->
  </suite> <!-- Default Suite -->
</testng-results>
